[2019-03-07T15:21:08.603] [ERROR] http - ::1 - - "GET / HTTP/1.1" 500 235 "" "Mozilla/5.0 (X11; Linux x86_64) AppleWebKit/537.36 (KHTML, like Gecko) Chrome/72.0.3626.109 Safari/537.36"
[2019-03-07T15:21:09.739] [ERROR] http - ::1 - - "GET /favicon.ico HTTP/1.1" 404 235 "http://localhost:3000/" "Mozilla/5.0 (X11; Linux x86_64) AppleWebKit/537.36 (KHTML, like Gecko) Chrome/72.0.3626.109 Safari/537.36"
[2019-03-07T15:22:19.307] [INFO] http - ::1 - - "GET / HTTP/1.1" 200 2367 "" "Mozilla/5.0 (X11; Linux x86_64) AppleWebKit/537.36 (KHTML, like Gecko) Chrome/72.0.3626.109 Safari/537.36"
[2019-03-07T15:22:19.353] [INFO] http - ::1 - - "GET /stylesheets/style.css HTTP/1.1" 200 111 "http://localhost:3000/" "Mozilla/5.0 (X11; Linux x86_64) AppleWebKit/537.36 (KHTML, like Gecko) Chrome/72.0.3626.109 Safari/537.36"
[2019-03-07T15:22:19.368] [ERROR] http - ::1 - - "GET /public/stylesheets/login.css HTTP/1.1" 404 1135 "http://localhost:3000/" "Mozilla/5.0 (X11; Linux x86_64) AppleWebKit/537.36 (KHTML, like Gecko) Chrome/72.0.3626.109 Safari/537.36"
[2019-03-07T15:22:19.771] [ERROR] http - ::1 - - "GET /public/stylesheets/login.css HTTP/1.1" 404 1135 "http://localhost:3000/" "Mozilla/5.0 (X11; Linux x86_64) AppleWebKit/537.36 (KHTML, like Gecko) Chrome/72.0.3626.109 Safari/537.36"
[2019-03-07T15:22:33.994] [ERROR] http - ::1 - - "POST / HTTP/1.1" 404 1135 "http://localhost:3000/" "Mozilla/5.0 (X11; Linux x86_64) AppleWebKit/537.36 (KHTML, like Gecko) Chrome/72.0.3626.109 Safari/537.36"
[2019-03-07T15:22:34.022] [WARN] http - ::1 - - "GET /stylesheets/style.css HTTP/1.1" 304 - "http://localhost:3000/" "Mozilla/5.0 (X11; Linux x86_64) AppleWebKit/537.36 (KHTML, like Gecko) Chrome/72.0.3626.109 Safari/537.36"
[2019-03-07T15:24:26.645] [INFO] http - ::1 - - "GET / HTTP/1.1" 200 2314 "" "Mozilla/5.0 (X11; Linux x86_64) AppleWebKit/537.36 (KHTML, like Gecko) Chrome/72.0.3626.109 Safari/537.36"
[2019-03-07T15:25:33.907] [WARN] http - ::1 - - "GET / HTTP/1.1" 304 - "" "Mozilla/5.0 (X11; Linux x86_64) AppleWebKit/537.36 (KHTML, like Gecko) Chrome/72.0.3626.109 Safari/537.36"
[2019-03-07T15:25:33.953] [INFO] http - ::1 - - "GET /stylesheets/login.css HTTP/1.1" 200 484 "http://localhost:3000/" "Mozilla/5.0 (X11; Linux x86_64) AppleWebKit/537.36 (KHTML, like Gecko) Chrome/72.0.3626.109 Safari/537.36"
[2019-03-07T15:28:07.447] [INFO] http - ::1 - - "GET / HTTP/1.1" 200 2264 "" "Mozilla/5.0 (X11; Linux x86_64) AppleWebKit/537.36 (KHTML, like Gecko) Chrome/72.0.3626.109 Safari/537.36"
[2019-03-07T15:28:07.500] [INFO] http - ::1 - - "GET /stylesheets/login.css HTTP/1.1" 200 484 "http://localhost:3000/" "Mozilla/5.0 (X11; Linux x86_64) AppleWebKit/537.36 (KHTML, like Gecko) Chrome/72.0.3626.109 Safari/537.36"
[2019-03-07T15:31:34.043] [INFO] http - ::1 - - "GET / HTTP/1.1" 200 2465 "" "Mozilla/5.0 (X11; Linux x86_64) AppleWebKit/537.36 (KHTML, like Gecko) Chrome/72.0.3626.109 Safari/537.36"
[2019-03-07T15:31:34.113] [INFO] http - ::1 - - "GET /stylesheets/login.css HTTP/1.1" 200 484 "http://localhost:3000/" "Mozilla/5.0 (X11; Linux x86_64) AppleWebKit/537.36 (KHTML, like Gecko) Chrome/72.0.3626.109 Safari/537.36"
[2019-03-07T15:31:34.129] [ERROR] http - ::1 - - "GET /img_avatar2.png HTTP/1.1" 404 1435 "http://localhost:3000/" "Mozilla/5.0 (X11; Linux x86_64) AppleWebKit/537.36 (KHTML, like Gecko) Chrome/72.0.3626.109 Safari/537.36"
[2019-03-07T15:32:52.864] [WARN] http - ::1 - - "GET / HTTP/1.1" 304 - "" "Mozilla/5.0 (X11; Linux x86_64) AppleWebKit/537.36 (KHTML, like Gecko) Chrome/72.0.3626.109 Safari/537.36"
[2019-03-07T15:32:52.916] [WARN] http - ::1 - - "GET /stylesheets/login.css HTTP/1.1" 304 - "http://localhost:3000/" "Mozilla/5.0 (X11; Linux x86_64) AppleWebKit/537.36 (KHTML, like Gecko) Chrome/72.0.3626.109 Safari/537.36"
[2019-03-07T15:32:52.917] [INFO] http - ::1 - - "GET /img_avatar2.png HTTP/1.1" 200 8314 "http://localhost:3000/" "Mozilla/5.0 (X11; Linux x86_64) AppleWebKit/537.36 (KHTML, like Gecko) Chrome/72.0.3626.109 Safari/537.36"
[2019-03-07T15:33:57.988] [WARN] http - ::1 - - "GET / HTTP/1.1" 304 - "" "Mozilla/5.0 (X11; Linux x86_64) AppleWebKit/537.36 (KHTML, like Gecko) Chrome/72.0.3626.109 Safari/537.36"
[2019-03-07T15:33:58.066] [WARN] http - ::1 - - "GET /img_avatar2.png HTTP/1.1" 304 - "http://localhost:3000/" "Mozilla/5.0 (X11; Linux x86_64) AppleWebKit/537.36 (KHTML, like Gecko) Chrome/72.0.3626.109 Safari/537.36"
[2019-03-07T15:33:58.073] [INFO] http - ::1 - - "GET /stylesheets/login.css HTTP/1.1" 200 536 "http://localhost:3000/" "Mozilla/5.0 (X11; Linux x86_64) AppleWebKit/537.36 (KHTML, like Gecko) Chrome/72.0.3626.109 Safari/537.36"
[2019-03-07T15:34:11.100] [WARN] http - ::1 - - "GET / HTTP/1.1" 304 - "" "Mozilla/5.0 (X11; Linux x86_64) AppleWebKit/537.36 (KHTML, like Gecko) Chrome/72.0.3626.109 Safari/537.36"
[2019-03-07T15:34:11.184] [INFO] http - ::1 - - "GET /stylesheets/login.css HTTP/1.1" 200 536 "http://localhost:3000/" "Mozilla/5.0 (X11; Linux x86_64) AppleWebKit/537.36 (KHTML, like Gecko) Chrome/72.0.3626.109 Safari/537.36"
[2019-03-07T15:34:11.186] [WARN] http - ::1 - - "GET /img_avatar2.png HTTP/1.1" 304 - "http://localhost:3000/" "Mozilla/5.0 (X11; Linux x86_64) AppleWebKit/537.36 (KHTML, like Gecko) Chrome/72.0.3626.109 Safari/537.36"
[2019-03-07T15:34:22.905] [WARN] http - ::1 - - "GET / HTTP/1.1" 304 - "" "Mozilla/5.0 (X11; Linux x86_64) AppleWebKit/537.36 (KHTML, like Gecko) Chrome/72.0.3626.109 Safari/537.36"
[2019-03-07T15:34:22.961] [WARN] http - ::1 - - "GET /img_avatar2.png HTTP/1.1" 304 - "http://localhost:3000/" "Mozilla/5.0 (X11; Linux x86_64) AppleWebKit/537.36 (KHTML, like Gecko) Chrome/72.0.3626.109 Safari/537.36"
[2019-03-07T15:34:22.965] [INFO] http - ::1 - - "GET /stylesheets/login.css HTTP/1.1" 200 538 "http://localhost:3000/" "Mozilla/5.0 (X11; Linux x86_64) AppleWebKit/537.36 (KHTML, like Gecko) Chrome/72.0.3626.109 Safari/537.36"
[2019-03-07T15:34:40.310] [WARN] http - ::1 - - "GET / HTTP/1.1" 304 - "" "Mozilla/5.0 (X11; Linux x86_64) AppleWebKit/537.36 (KHTML, like Gecko) Chrome/72.0.3626.109 Safari/537.36"
[2019-03-07T15:34:40.387] [WARN] http - ::1 - - "GET /img_avatar2.png HTTP/1.1" 304 - "http://localhost:3000/" "Mozilla/5.0 (X11; Linux x86_64) AppleWebKit/537.36 (KHTML, like Gecko) Chrome/72.0.3626.109 Safari/537.36"
[2019-03-07T15:34:40.388] [INFO] http - ::1 - - "GET /stylesheets/login.css HTTP/1.1" 200 562 "http://localhost:3000/" "Mozilla/5.0 (X11; Linux x86_64) AppleWebKit/537.36 (KHTML, like Gecko) Chrome/72.0.3626.109 Safari/537.36"
[2019-03-07T15:34:46.734] [WARN] http - ::1 - - "GET / HTTP/1.1" 304 - "" "Mozilla/5.0 (X11; Linux x86_64) AppleWebKit/537.36 (KHTML, like Gecko) Chrome/72.0.3626.109 Safari/537.36"
[2019-03-07T15:34:46.815] [WARN] http - ::1 - - "GET /stylesheets/login.css HTTP/1.1" 304 - "http://localhost:3000/" "Mozilla/5.0 (X11; Linux x86_64) AppleWebKit/537.36 (KHTML, like Gecko) Chrome/72.0.3626.109 Safari/537.36"
[2019-03-07T15:34:46.818] [WARN] http - ::1 - - "GET /img_avatar2.png HTTP/1.1" 304 - "http://localhost:3000/" "Mozilla/5.0 (X11; Linux x86_64) AppleWebKit/537.36 (KHTML, like Gecko) Chrome/72.0.3626.109 Safari/537.36"
[2019-03-07T15:35:08.541] [WARN] http - ::1 - - "GET / HTTP/1.1" 304 - "" "Mozilla/5.0 (X11; Linux x86_64) AppleWebKit/537.36 (KHTML, like Gecko) Chrome/72.0.3626.109 Safari/537.36"
[2019-03-07T15:35:08.599] [INFO] http - ::1 - - "GET /stylesheets/login.css HTTP/1.1" 200 586 "http://localhost:3000/" "Mozilla/5.0 (X11; Linux x86_64) AppleWebKit/537.36 (KHTML, like Gecko) Chrome/72.0.3626.109 Safari/537.36"
[2019-03-07T15:35:08.616] [WARN] http - ::1 - - "GET /img_avatar2.png HTTP/1.1" 304 - "http://localhost:3000/" "Mozilla/5.0 (X11; Linux x86_64) AppleWebKit/537.36 (KHTML, like Gecko) Chrome/72.0.3626.109 Safari/537.36"
[2019-03-07T15:35:22.463] [WARN] http - ::1 - - "GET / HTTP/1.1" 304 - "" "Mozilla/5.0 (X11; Linux x86_64) AppleWebKit/537.36 (KHTML, like Gecko) Chrome/72.0.3626.109 Safari/537.36"
[2019-03-07T15:35:22.529] [WARN] http - ::1 - - "GET /img_avatar2.png HTTP/1.1" 304 - "http://localhost:3000/" "Mozilla/5.0 (X11; Linux x86_64) AppleWebKit/537.36 (KHTML, like Gecko) Chrome/72.0.3626.109 Safari/537.36"
[2019-03-07T15:35:22.551] [INFO] http - ::1 - - "GET /stylesheets/login.css HTTP/1.1" 200 586 "http://localhost:3000/" "Mozilla/5.0 (X11; Linux x86_64) AppleWebKit/537.36 (KHTML, like Gecko) Chrome/72.0.3626.109 Safari/537.36"
[2019-03-07T15:35:43.641] [WARN] http - ::1 - - "GET / HTTP/1.1" 304 - "" "Mozilla/5.0 (X11; Linux x86_64) AppleWebKit/537.36 (KHTML, like Gecko) Chrome/72.0.3626.109 Safari/537.36"
[2019-03-07T15:35:43.719] [INFO] http - ::1 - - "GET /stylesheets/login.css HTTP/1.1" 200 586 "http://localhost:3000/" "Mozilla/5.0 (X11; Linux x86_64) AppleWebKit/537.36 (KHTML, like Gecko) Chrome/72.0.3626.109 Safari/537.36"
[2019-03-07T15:35:43.727] [WARN] http - ::1 - - "GET /img_avatar2.png HTTP/1.1" 304 - "http://localhost:3000/" "Mozilla/5.0 (X11; Linux x86_64) AppleWebKit/537.36 (KHTML, like Gecko) Chrome/72.0.3626.109 Safari/537.36"
[2019-03-07T15:36:05.696] [WARN] http - ::1 - - "GET / HTTP/1.1" 304 - "" "Mozilla/5.0 (X11; Linux x86_64) AppleWebKit/537.36 (KHTML, like Gecko) Chrome/72.0.3626.109 Safari/537.36"
[2019-03-07T15:36:05.758] [INFO] http - ::1 - - "GET /stylesheets/login.css HTTP/1.1" 200 592 "http://localhost:3000/" "Mozilla/5.0 (X11; Linux x86_64) AppleWebKit/537.36 (KHTML, like Gecko) Chrome/72.0.3626.109 Safari/537.36"
[2019-03-07T15:36:05.761] [WARN] http - ::1 - - "GET /img_avatar2.png HTTP/1.1" 304 - "http://localhost:3000/" "Mozilla/5.0 (X11; Linux x86_64) AppleWebKit/537.36 (KHTML, like Gecko) Chrome/72.0.3626.109 Safari/537.36"
[2019-03-07T15:36:34.878] [INFO] http - ::1 - - "GET / HTTP/1.1" 200 2498 "" "Mozilla/5.0 (X11; Linux x86_64) AppleWebKit/537.36 (KHTML, like Gecko) Chrome/72.0.3626.109 Safari/537.36"
[2019-03-07T15:36:34.962] [WARN] http - ::1 - - "GET /img_avatar2.png HTTP/1.1" 304 - "http://localhost:3000/" "Mozilla/5.0 (X11; Linux x86_64) AppleWebKit/537.36 (KHTML, like Gecko) Chrome/72.0.3626.109 Safari/537.36"
[2019-03-07T15:36:34.965] [INFO] http - ::1 - - "GET /stylesheets/login.css HTTP/1.1" 200 562 "http://localhost:3000/" "Mozilla/5.0 (X11; Linux x86_64) AppleWebKit/537.36 (KHTML, like Gecko) Chrome/72.0.3626.109 Safari/537.36"
[2019-03-07T15:36:38.206] [WARN] http - ::1 - - "GET / HTTP/1.1" 304 - "" "Mozilla/5.0 (X11; Linux x86_64) AppleWebKit/537.36 (KHTML, like Gecko) Chrome/72.0.3626.109 Safari/537.36"
[2019-03-07T15:36:38.280] [WARN] http - ::1 - - "GET /stylesheets/login.css HTTP/1.1" 304 - "http://localhost:3000/" "Mozilla/5.0 (X11; Linux x86_64) AppleWebKit/537.36 (KHTML, like Gecko) Chrome/72.0.3626.109 Safari/537.36"
[2019-03-07T15:36:38.281] [WARN] http - ::1 - - "GET /img_avatar2.png HTTP/1.1" 304 - "http://localhost:3000/" "Mozilla/5.0 (X11; Linux x86_64) AppleWebKit/537.36 (KHTML, like Gecko) Chrome/72.0.3626.109 Safari/537.36"
[2019-03-07T15:37:12.857] [INFO] http - ::1 - - "GET / HTTP/1.1" 200 2469 "" "Mozilla/5.0 (X11; Linux x86_64) AppleWebKit/537.36 (KHTML, like Gecko) Chrome/72.0.3626.109 Safari/537.36"
[2019-03-07T15:37:12.914] [WARN] http - ::1 - - "GET /stylesheets/login.css HTTP/1.1" 304 - "http://localhost:3000/" "Mozilla/5.0 (X11; Linux x86_64) AppleWebKit/537.36 (KHTML, like Gecko) Chrome/72.0.3626.109 Safari/537.36"
[2019-03-07T15:37:12.925] [WARN] http - ::1 - - "GET /img_avatar2.png HTTP/1.1" 304 - "http://localhost:3000/" "Mozilla/5.0 (X11; Linux x86_64) AppleWebKit/537.36 (KHTML, like Gecko) Chrome/72.0.3626.109 Safari/537.36"
[2019-03-07T15:37:15.496] [WARN] http - ::1 - - "GET / HTTP/1.1" 304 - "" "Mozilla/5.0 (X11; Linux x86_64) AppleWebKit/537.36 (KHTML, like Gecko) Chrome/72.0.3626.109 Safari/537.36"
[2019-03-07T15:37:15.564] [WARN] http - ::1 - - "GET /stylesheets/login.css HTTP/1.1" 304 - "http://localhost:3000/" "Mozilla/5.0 (X11; Linux x86_64) AppleWebKit/537.36 (KHTML, like Gecko) Chrome/72.0.3626.109 Safari/537.36"
[2019-03-07T15:37:15.572] [WARN] http - ::1 - - "GET /img_avatar2.png HTTP/1.1" 304 - "http://localhost:3000/" "Mozilla/5.0 (X11; Linux x86_64) AppleWebKit/537.36 (KHTML, like Gecko) Chrome/72.0.3626.109 Safari/537.36"
[2019-03-07T15:37:18.524] [WARN] http - ::1 - - "GET / HTTP/1.1" 304 - "" "Mozilla/5.0 (X11; Linux x86_64) AppleWebKit/537.36 (KHTML, like Gecko) Chrome/72.0.3626.109 Safari/537.36"
[2019-03-07T15:37:18.606] [WARN] http - ::1 - - "GET /stylesheets/login.css HTTP/1.1" 304 - "http://localhost:3000/" "Mozilla/5.0 (X11; Linux x86_64) AppleWebKit/537.36 (KHTML, like Gecko) Chrome/72.0.3626.109 Safari/537.36"
[2019-03-07T15:37:18.608] [WARN] http - ::1 - - "GET /img_avatar2.png HTTP/1.1" 304 - "http://localhost:3000/" "Mozilla/5.0 (X11; Linux x86_64) AppleWebKit/537.36 (KHTML, like Gecko) Chrome/72.0.3626.109 Safari/537.36"
[2019-03-07T15:38:13.949] [WARN] http - ::1 - - "GET / HTTP/1.1" 304 - "" "Mozilla/5.0 (X11; Linux x86_64) AppleWebKit/537.36 (KHTML, like Gecko) Chrome/72.0.3626.109 Safari/537.36"
[2019-03-07T15:38:14.042] [WARN] http - ::1 - - "GET /img_avatar2.png HTTP/1.1" 304 - "http://localhost:3000/" "Mozilla/5.0 (X11; Linux x86_64) AppleWebKit/537.36 (KHTML, like Gecko) Chrome/72.0.3626.109 Safari/537.36"
[2019-03-07T15:38:14.043] [INFO] http - ::1 - - "GET /stylesheets/login.css HTTP/1.1" 200 607 "http://localhost:3000/" "Mozilla/5.0 (X11; Linux x86_64) AppleWebKit/537.36 (KHTML, like Gecko) Chrome/72.0.3626.109 Safari/537.36"
[2019-03-07T15:38:20.572] [WARN] http - ::1 - - "GET / HTTP/1.1" 304 - "" "Mozilla/5.0 (X11; Linux x86_64) AppleWebKit/537.36 (KHTML, like Gecko) Chrome/72.0.3626.109 Safari/537.36"
[2019-03-07T15:38:20.640] [WARN] http - ::1 - - "GET /stylesheets/login.css HTTP/1.1" 304 - "http://localhost:3000/" "Mozilla/5.0 (X11; Linux x86_64) AppleWebKit/537.36 (KHTML, like Gecko) Chrome/72.0.3626.109 Safari/537.36"
[2019-03-07T15:38:20.643] [WARN] http - ::1 - - "GET /img_avatar2.png HTTP/1.1" 304 - "http://localhost:3000/" "Mozilla/5.0 (X11; Linux x86_64) AppleWebKit/537.36 (KHTML, like Gecko) Chrome/72.0.3626.109 Safari/537.36"
[2019-03-07T15:38:26.397] [WARN] http - ::1 - - "GET /stylesheets/login.css HTTP/1.1" 304 - "http://localhost:3000/" "Mozilla/5.0 (X11; Linux x86_64) AppleWebKit/537.36 (KHTML, like Gecko) Chrome/72.0.3626.109 Safari/537.36"
[2019-03-07T15:41:18.530] [INFO] http - ::1 - - "GET / HTTP/1.1" 200 2487 "" "Mozilla/5.0 (X11; Linux x86_64) AppleWebKit/537.36 (KHTML, like Gecko) Chrome/72.0.3626.109 Safari/537.36"
[2019-03-07T15:41:18.598] [INFO] http - ::1 - - "GET /stylesheets/login.css HTTP/1.1" 200 603 "http://localhost:3000/" "Mozilla/5.0 (X11; Linux x86_64) AppleWebKit/537.36 (KHTML, like Gecko) Chrome/72.0.3626.109 Safari/537.36"
[2019-03-07T15:41:18.599] [WARN] http - ::1 - - "GET /img_avatar2.png HTTP/1.1" 304 - "http://localhost:3000/" "Mozilla/5.0 (X11; Linux x86_64) AppleWebKit/537.36 (KHTML, like Gecko) Chrome/72.0.3626.109 Safari/537.36"
[2019-03-07T15:41:44.967] [WARN] http - ::1 - - "GET / HTTP/1.1" 304 - "" "Mozilla/5.0 (X11; Linux x86_64) AppleWebKit/537.36 (KHTML, like Gecko) Chrome/72.0.3626.109 Safari/537.36"
[2019-03-07T15:41:45.073] [WARN] http - ::1 - - "GET /img_avatar2.png HTTP/1.1" 304 - "http://localhost:3000/" "Mozilla/5.0 (X11; Linux x86_64) AppleWebKit/537.36 (KHTML, like Gecko) Chrome/72.0.3626.109 Safari/537.36"
[2019-03-07T15:41:45.074] [INFO] http - ::1 - - "GET /stylesheets/login.css HTTP/1.1" 200 607 "http://localhost:3000/" "Mozilla/5.0 (X11; Linux x86_64) AppleWebKit/537.36 (KHTML, like Gecko) Chrome/72.0.3626.109 Safari/537.36"
[2019-03-07T15:42:03.998] [WARN] http - ::1 - - "GET / HTTP/1.1" 304 - "" "Mozilla/5.0 (X11; Linux x86_64) AppleWebKit/537.36 (KHTML, like Gecko) Chrome/72.0.3626.109 Safari/537.36"
[2019-03-07T15:42:04.066] [WARN] http - ::1 - - "GET /img_avatar2.png HTTP/1.1" 304 - "http://localhost:3000/" "Mozilla/5.0 (X11; Linux x86_64) AppleWebKit/537.36 (KHTML, like Gecko) Chrome/72.0.3626.109 Safari/537.36"
[2019-03-07T15:42:04.067] [INFO] http - ::1 - - "GET /stylesheets/login.css HTTP/1.1" 200 611 "http://localhost:3000/" "Mozilla/5.0 (X11; Linux x86_64) AppleWebKit/537.36 (KHTML, like Gecko) Chrome/72.0.3626.109 Safari/537.36"
[2019-03-07T15:42:28.502] [WARN] http - ::1 - - "GET / HTTP/1.1" 304 - "" "Mozilla/5.0 (X11; Linux x86_64) AppleWebKit/537.36 (KHTML, like Gecko) Chrome/72.0.3626.109 Safari/537.36"
[2019-03-07T15:42:28.594] [WARN] http - ::1 - - "GET /img_avatar2.png HTTP/1.1" 304 - "http://localhost:3000/" "Mozilla/5.0 (X11; Linux x86_64) AppleWebKit/537.36 (KHTML, like Gecko) Chrome/72.0.3626.109 Safari/537.36"
[2019-03-07T15:42:28.596] [INFO] http - ::1 - - "GET /stylesheets/login.css HTTP/1.1" 200 586 "http://localhost:3000/" "Mozilla/5.0 (X11; Linux x86_64) AppleWebKit/537.36 (KHTML, like Gecko) Chrome/72.0.3626.109 Safari/537.36"
[2019-03-07T15:42:48.258] [INFO] http - ::1 - - "GET / HTTP/1.1" 200 2392 "" "Mozilla/5.0 (X11; Linux x86_64) AppleWebKit/537.36 (KHTML, like Gecko) Chrome/72.0.3626.109 Safari/537.36"
[2019-03-07T15:42:48.348] [WARN] http - ::1 - - "GET /img_avatar2.png HTTP/1.1" 304 - "http://localhost:3000/" "Mozilla/5.0 (X11; Linux x86_64) AppleWebKit/537.36 (KHTML, like Gecko) Chrome/72.0.3626.109 Safari/537.36"
[2019-03-07T15:42:48.348] [WARN] http - ::1 - - "GET /stylesheets/login.css HTTP/1.1" 304 - "http://localhost:3000/" "Mozilla/5.0 (X11; Linux x86_64) AppleWebKit/537.36 (KHTML, like Gecko) Chrome/72.0.3626.109 Safari/537.36"
[2019-03-07T15:42:59.672] [ERROR] http - ::1 - - "GET /user/login HTTP/1.1" 404 1435 "http://localhost:3000/" "Mozilla/5.0 (X11; Linux x86_64) AppleWebKit/537.36 (KHTML, like Gecko) Chrome/72.0.3626.109 Safari/537.36"
[2019-03-07T15:42:59.736] [WARN] http - ::1 - - "GET /stylesheets/login.css HTTP/1.1" 304 - "http://localhost:3000/user/login" "Mozilla/5.0 (X11; Linux x86_64) AppleWebKit/537.36 (KHTML, like Gecko) Chrome/72.0.3626.109 Safari/537.36"
[2019-03-07T15:50:46.495] [ERROR] http - ::1 - - "GET /user/login HTTP/1.1" 404 1435 "http://localhost:3000/" "Mozilla/5.0 (X11; Linux x86_64) AppleWebKit/537.36 (KHTML, like Gecko) Chrome/72.0.3626.109 Safari/537.36"
[2019-03-07T15:50:46.532] [WARN] http - ::1 - - "GET /stylesheets/login.css HTTP/1.1" 304 - "http://localhost:3000/user/login" "Mozilla/5.0 (X11; Linux x86_64) AppleWebKit/537.36 (KHTML, like Gecko) Chrome/72.0.3626.109 Safari/537.36"
[2019-03-07T15:50:52.886] [ERROR] http - ::1 - - "GET /user/login HTTP/1.1" 404 1435 "http://localhost:3000/" "Mozilla/5.0 (X11; Linux x86_64) AppleWebKit/537.36 (KHTML, like Gecko) Chrome/72.0.3626.109 Safari/537.36"
[2019-03-07T15:50:52.945] [WARN] http - ::1 - - "GET /stylesheets/login.css HTTP/1.1" 304 - "http://localhost:3000/user/login" "Mozilla/5.0 (X11; Linux x86_64) AppleWebKit/537.36 (KHTML, like Gecko) Chrome/72.0.3626.109 Safari/537.36"
[2019-03-07T15:51:34.277] [ERROR] http - ::1 - - "GET /user/login HTTP/1.1" 404 1435 "http://localhost:3000/" "Mozilla/5.0 (X11; Linux x86_64) AppleWebKit/537.36 (KHTML, like Gecko) Chrome/72.0.3626.109 Safari/537.36"
[2019-03-07T15:51:34.325] [WARN] http - ::1 - - "GET /stylesheets/login.css HTTP/1.1" 304 - "http://localhost:3000/user/login" "Mozilla/5.0 (X11; Linux x86_64) AppleWebKit/537.36 (KHTML, like Gecko) Chrome/72.0.3626.109 Safari/537.36"
[2019-03-07T15:51:38.388] [ERROR] http - ::1 - - "GET /user/login HTTP/1.1" 404 1435 "http://localhost:3000/" "Mozilla/5.0 (X11; Linux x86_64) AppleWebKit/537.36 (KHTML, like Gecko) Chrome/72.0.3626.109 Safari/537.36"
[2019-03-07T15:51:38.451] [WARN] http - ::1 - - "GET /stylesheets/login.css HTTP/1.1" 304 - "http://localhost:3000/user/login" "Mozilla/5.0 (X11; Linux x86_64) AppleWebKit/537.36 (KHTML, like Gecko) Chrome/72.0.3626.109 Safari/537.36"
[2019-03-07T15:51:48.578] [ERROR] http - ::1 - - "GET /user/login HTTP/1.1" 404 1435 "http://localhost:3000/" "Mozilla/5.0 (X11; Linux x86_64) AppleWebKit/537.36 (KHTML, like Gecko) Chrome/72.0.3626.109 Safari/537.36"
[2019-03-07T15:51:48.645] [WARN] http - ::1 - - "GET /stylesheets/login.css HTTP/1.1" 304 - "http://localhost:3000/user/login" "Mozilla/5.0 (X11; Linux x86_64) AppleWebKit/537.36 (KHTML, like Gecko) Chrome/72.0.3626.109 Safari/537.36"
[2019-03-07T15:53:41.294] [INFO] http - ::1 - - "GET /register HTTP/1.1" 200 2785 "" "Mozilla/5.0 (X11; Linux x86_64) AppleWebKit/537.36 (KHTML, like Gecko) Chrome/72.0.3626.109 Safari/537.36"
[2019-03-07T15:53:41.329] [WARN] http - ::1 - - "GET /stylesheets/login.css HTTP/1.1" 304 - "http://localhost:3000/register" "Mozilla/5.0 (X11; Linux x86_64) AppleWebKit/537.36 (KHTML, like Gecko) Chrome/72.0.3626.109 Safari/537.36"
[2019-03-07T15:53:41.332] [WARN] http - ::1 - - "GET /img_avatar2.png HTTP/1.1" 304 - "http://localhost:3000/register" "Mozilla/5.0 (X11; Linux x86_64) AppleWebKit/537.36 (KHTML, like Gecko) Chrome/72.0.3626.109 Safari/537.36"
[2019-03-07T15:53:45.022] [INFO] http - ::1 - - "GET / HTTP/1.1" 200 2516 "http://localhost:3000/register" "Mozilla/5.0 (X11; Linux x86_64) AppleWebKit/537.36 (KHTML, like Gecko) Chrome/72.0.3626.109 Safari/537.36"
[2019-03-07T15:53:45.082] [WARN] http - ::1 - - "GET /stylesheets/login.css HTTP/1.1" 304 - "http://localhost:3000/" "Mozilla/5.0 (X11; Linux x86_64) AppleWebKit/537.36 (KHTML, like Gecko) Chrome/72.0.3626.109 Safari/537.36"
[2019-03-07T15:53:45.086] [WARN] http - ::1 - - "GET /img_avatar2.png HTTP/1.1" 304 - "http://localhost:3000/" "Mozilla/5.0 (X11; Linux x86_64) AppleWebKit/537.36 (KHTML, like Gecko) Chrome/72.0.3626.109 Safari/537.36"
[2019-03-07T15:53:48.515] [WARN] http - ::1 - - "GET /register HTTP/1.1" 304 - "http://localhost:3000/" "Mozilla/5.0 (X11; Linux x86_64) AppleWebKit/537.36 (KHTML, like Gecko) Chrome/72.0.3626.109 Safari/537.36"
[2019-03-07T15:53:48.571] [WARN] http - ::1 - - "GET /stylesheets/login.css HTTP/1.1" 304 - "http://localhost:3000/register" "Mozilla/5.0 (X11; Linux x86_64) AppleWebKit/537.36 (KHTML, like Gecko) Chrome/72.0.3626.109 Safari/537.36"
[2019-03-07T15:53:48.574] [WARN] http - ::1 - - "GET /img_avatar2.png HTTP/1.1" 304 - "http://localhost:3000/register" "Mozilla/5.0 (X11; Linux x86_64) AppleWebKit/537.36 (KHTML, like Gecko) Chrome/72.0.3626.109 Safari/537.36"
[2019-03-07T15:53:50.708] [WARN] http - ::1 - - "GET / HTTP/1.1" 304 - "http://localhost:3000/register" "Mozilla/5.0 (X11; Linux x86_64) AppleWebKit/537.36 (KHTML, like Gecko) Chrome/72.0.3626.109 Safari/537.36"
[2019-03-07T15:53:50.773] [WARN] http - ::1 - - "GET /stylesheets/login.css HTTP/1.1" 304 - "http://localhost:3000/" "Mozilla/5.0 (X11; Linux x86_64) AppleWebKit/537.36 (KHTML, like Gecko) Chrome/72.0.3626.109 Safari/537.36"
[2019-03-07T15:53:50.774] [WARN] http - ::1 - - "GET /img_avatar2.png HTTP/1.1" 304 - "http://localhost:3000/" "Mozilla/5.0 (X11; Linux x86_64) AppleWebKit/537.36 (KHTML, like Gecko) Chrome/72.0.3626.109 Safari/537.36"
[2019-03-07T15:53:55.596] [WARN] http - ::1 - - "GET /register HTTP/1.1" 304 - "" "Mozilla/5.0 (X11; Linux x86_64) AppleWebKit/537.36 (KHTML, like Gecko) Chrome/72.0.3626.109 Safari/537.36"
[2019-03-07T15:53:55.630] [WARN] http - ::1 - - "GET /stylesheets/login.css HTTP/1.1" 304 - "http://localhost:3000/register" "Mozilla/5.0 (X11; Linux x86_64) AppleWebKit/537.36 (KHTML, like Gecko) Chrome/72.0.3626.109 Safari/537.36"
[2019-03-07T15:53:55.632] [WARN] http - ::1 - - "GET /img_avatar2.png HTTP/1.1" 304 - "http://localhost:3000/register" "Mozilla/5.0 (X11; Linux x86_64) AppleWebKit/537.36 (KHTML, like Gecko) Chrome/72.0.3626.109 Safari/537.36"
[2019-03-07T15:54:00.576] [INFO] http - ::1 - - "GET /registeradmin HTTP/1.1" 200 2786 "" "Mozilla/5.0 (X11; Linux x86_64) AppleWebKit/537.36 (KHTML, like Gecko) Chrome/72.0.3626.109 Safari/537.36"
[2019-03-07T15:54:00.637] [WARN] http - ::1 - - "GET /img_avatar2.png HTTP/1.1" 304 - "http://localhost:3000/registeradmin" "Mozilla/5.0 (X11; Linux x86_64) AppleWebKit/537.36 (KHTML, like Gecko) Chrome/72.0.3626.109 Safari/537.36"
[2019-03-07T15:54:05.125] [ERROR] http - ::1 - - "POST /admin/register HTTP/1.1" 404 1435 "http://localhost:3000/registeradmin" "Mozilla/5.0 (X11; Linux x86_64) AppleWebKit/537.36 (KHTML, like Gecko) Chrome/72.0.3626.109 Safari/537.36"
[2019-03-07T15:54:05.158] [WARN] http - ::1 - - "GET /stylesheets/login.css HTTP/1.1" 304 - "http://localhost:3000/admin/register" "Mozilla/5.0 (X11; Linux x86_64) AppleWebKit/537.36 (KHTML, like Gecko) Chrome/72.0.3626.109 Safari/537.36"
[2019-03-07T15:54:11.289] [WARN] http - ::1 - - "GET /stylesheets/login.css HTTP/1.1" 304 - "http://localhost:3000/register" "Mozilla/5.0 (X11; Linux x86_64) AppleWebKit/537.36 (KHTML, like Gecko) Chrome/72.0.3626.109 Safari/537.36"
[2019-03-07T15:54:11.293] [WARN] http - ::1 - - "GET /img_avatar2.png HTTP/1.1" 304 - "http://localhost:3000/register" "Mozilla/5.0 (X11; Linux x86_64) AppleWebKit/537.36 (KHTML, like Gecko) Chrome/72.0.3626.109 Safari/537.36"
[2019-03-07T15:54:12.950] [ERROR] http - ::1 - - "POST /user/register HTTP/1.1" 404 1435 "http://localhost:3000/register" "Mozilla/5.0 (X11; Linux x86_64) AppleWebKit/537.36 (KHTML, like Gecko) Chrome/72.0.3626.109 Safari/537.36"
[2019-03-07T15:54:12.985] [WARN] http - ::1 - - "GET /stylesheets/login.css HTTP/1.1" 304 - "http://localhost:3000/user/register" "Mozilla/5.0 (X11; Linux x86_64) AppleWebKit/537.36 (KHTML, like Gecko) Chrome/72.0.3626.109 Safari/537.36"
[2019-03-07T15:54:49.738] [WARN] http - ::1 - - "GET /register HTTP/1.1" 304 - "http://localhost:3000/" "Mozilla/5.0 (X11; Linux x86_64) AppleWebKit/537.36 (KHTML, like Gecko) Chrome/72.0.3626.109 Safari/537.36"
[2019-03-07T15:54:49.817] [INFO] http - ::1 - - "GET /stylesheets/login.css HTTP/1.1" 200 586 "http://localhost:3000/register" "Mozilla/5.0 (X11; Linux x86_64) AppleWebKit/537.36 (KHTML, like Gecko) Chrome/72.0.3626.109 Safari/537.36"
[2019-03-07T15:54:49.828] [WARN] http - ::1 - - "GET /img_avatar2.png HTTP/1.1" 304 - "http://localhost:3000/register" "Mozilla/5.0 (X11; Linux x86_64) AppleWebKit/537.36 (KHTML, like Gecko) Chrome/72.0.3626.109 Safari/537.36"
[2019-03-07T15:55:19.384] [WARN] http - ::1 - - "GET /register HTTP/1.1" 304 - "http://localhost:3000/" "Mozilla/5.0 (X11; Linux x86_64) AppleWebKit/537.36 (KHTML, like Gecko) Chrome/72.0.3626.109 Safari/537.36"
[2019-03-07T15:55:19.476] [WARN] http - ::1 - - "GET /img_avatar2.png HTTP/1.1" 304 - "http://localhost:3000/register" "Mozilla/5.0 (X11; Linux x86_64) AppleWebKit/537.36 (KHTML, like Gecko) Chrome/72.0.3626.109 Safari/537.36"
[2019-03-07T15:55:19.486] [INFO] http - ::1 - - "GET /stylesheets/login.css HTTP/1.1" 200 586 "http://localhost:3000/register" "Mozilla/5.0 (X11; Linux x86_64) AppleWebKit/537.36 (KHTML, like Gecko) Chrome/72.0.3626.109 Safari/537.36"
[2019-03-11T14:29:42.048] [INFO] http - ::1 - - "GET / HTTP/1.1" 200 2516 "" "Mozilla/5.0 (X11; Linux x86_64) AppleWebKit/537.36 (KHTML, like Gecko) Chrome/72.0.3626.109 Safari/537.36"
[2019-03-11T14:29:42.061] [WARN] http - ::1 - - "GET /img_avatar2.png HTTP/1.1" 304 - "http://localhost:3000/" "Mozilla/5.0 (X11; Linux x86_64) AppleWebKit/537.36 (KHTML, like Gecko) Chrome/72.0.3626.109 Safari/537.36"
[2019-03-11T14:29:42.065] [INFO] http - ::1 - - "GET /stylesheets/login.css HTTP/1.1" 200 587 "http://localhost:3000/" "Mozilla/5.0 (X11; Linux x86_64) AppleWebKit/537.36 (KHTML, like Gecko) Chrome/72.0.3626.109 Safari/537.36"
[2019-03-11T14:29:43.306] [ERROR] http - ::1 - - "GET /favicon.ico HTTP/1.1" 404 1196 "http://localhost:3000/" "Mozilla/5.0 (X11; Linux x86_64) AppleWebKit/537.36 (KHTML, like Gecko) Chrome/72.0.3626.109 Safari/537.36"
[2019-03-11T14:29:45.106] [WARN] http - ::1 - - "GET /register HTTP/1.1" 304 - "http://localhost:3000/" "Mozilla/5.0 (X11; Linux x86_64) AppleWebKit/537.36 (KHTML, like Gecko) Chrome/72.0.3626.109 Safari/537.36"
[2019-03-11T14:29:45.160] [WARN] http - ::1 - - "GET /stylesheets/login.css HTTP/1.1" 304 - "http://localhost:3000/register" "Mozilla/5.0 (X11; Linux x86_64) AppleWebKit/537.36 (KHTML, like Gecko) Chrome/72.0.3626.109 Safari/537.36"
[2019-03-11T14:29:45.163] [WARN] http - ::1 - - "GET /img_avatar2.png HTTP/1.1" 304 - "http://localhost:3000/register" "Mozilla/5.0 (X11; Linux x86_64) AppleWebKit/537.36 (KHTML, like Gecko) Chrome/72.0.3626.109 Safari/537.36"
[2019-03-11T14:30:00.183] [INFO] http - ::1 - - "POST /user/register HTTP/1.1" 200 23 "http://localhost:3000/register" "Mozilla/5.0 (X11; Linux x86_64) AppleWebKit/537.36 (KHTML, like Gecko) Chrome/72.0.3626.109 Safari/537.36"
[2019-03-11T14:58:32.406] [INFO] http - ::1 - - "POST /user/register HTTP/1.1" 200 23 "http://localhost:3000/register" "Mozilla/5.0 (X11; Linux x86_64) AppleWebKit/537.36 (KHTML, like Gecko) Chrome/72.0.3626.109 Safari/537.36"
[2019-03-11T14:58:46.368] [INFO] http - ::1 - - "POST /user/register HTTP/1.1" 200 23 "http://localhost:3000/register" "Mozilla/5.0 (X11; Linux x86_64) AppleWebKit/537.36 (KHTML, like Gecko) Chrome/72.0.3626.109 Safari/537.36"
[2019-03-11T15:00:20.714] [INFO] http - ::1 - - "POST /user/register HTTP/1.1" 200 23 "http://localhost:3000/register" "Mozilla/5.0 (X11; Linux x86_64) AppleWebKit/537.36 (KHTML, like Gecko) Chrome/72.0.3626.109 Safari/537.36"
[2019-03-11T15:00:37.223] [ERROR] http - ::1 - - "GET /adminregister HTTP/1.1" 404 1196 "" "Mozilla/5.0 (X11; Linux x86_64) AppleWebKit/537.36 (KHTML, like Gecko) Chrome/72.0.3626.109 Safari/537.36"
[2019-03-11T15:01:24.774] [WARN] http - ::1 - - "GET /registeradmin HTTP/1.1" 304 - "" "Mozilla/5.0 (X11; Linux x86_64) AppleWebKit/537.36 (KHTML, like Gecko) Chrome/72.0.3626.109 Safari/537.36"
[2019-03-11T15:01:24.797] [WARN] http - ::1 - - "GET /stylesheets/login.css HTTP/1.1" 304 - "http://localhost:3000/registeradmin" "Mozilla/5.0 (X11; Linux x86_64) AppleWebKit/537.36 (KHTML, like Gecko) Chrome/72.0.3626.109 Safari/537.36"
[2019-03-11T15:01:24.805] [WARN] http - ::1 - - "GET /img_avatar2.png HTTP/1.1" 304 - "http://localhost:3000/registeradmin" "Mozilla/5.0 (X11; Linux x86_64) AppleWebKit/537.36 (KHTML, like Gecko) Chrome/72.0.3626.109 Safari/537.36"
[2019-03-11T15:12:43.246] [ERROR] http - ::ffff:127.0.0.1 - - "GET /radminregister HTTP/1.1" 404 1196 "" "Mozilla/5.0 (X11; Ubuntu; Linux x86_64; rv:65.0) Gecko/20100101 Firefox/65.0"
[2019-03-11T15:12:50.804] [ERROR] http - ::ffff:127.0.0.1 - - "GET /radminregister HTTP/1.1" 404 1196 "" "Mozilla/5.0 (X11; Ubuntu; Linux x86_64; rv:65.0) Gecko/20100101 Firefox/65.0"
[2019-03-11T15:13:00.027] [INFO] http - ::ffff:127.0.0.1 - - "GET /registeradmin HTTP/1.1" 200 2780 "" "Mozilla/5.0 (X11; Ubuntu; Linux x86_64; rv:65.0) Gecko/20100101 Firefox/65.0"
[2019-03-11T15:13:00.062] [INFO] http - ::ffff:127.0.0.1 - - "GET /stylesheets/login.css HTTP/1.1" 200 587 "http://localhost:3000/registeradmin" "Mozilla/5.0 (X11; Ubuntu; Linux x86_64; rv:65.0) Gecko/20100101 Firefox/65.0"
[2019-03-11T15:13:00.396] [INFO] http - ::ffff:127.0.0.1 - - "GET /img_avatar2.png HTTP/1.1" 200 8314 "http://localhost:3000/registeradmin" "Mozilla/5.0 (X11; Ubuntu; Linux x86_64; rv:65.0) Gecko/20100101 Firefox/65.0"
[2019-03-11T16:52:03.266] [ERROR] http - ::1 - - "GET /admin/register HTTP/1.1" 404 1196 "" "Mozilla/5.0 (X11; Linux x86_64) AppleWebKit/537.36 (KHTML, like Gecko) Chrome/72.0.3626.109 Safari/537.36"
[2019-03-11T16:52:08.498] [ERROR] http - ::1 - - "GET /admin/register HTTP/1.1" 404 1196 "" "Mozilla/5.0 (X11; Linux x86_64) AppleWebKit/537.36 (KHTML, like Gecko) Chrome/72.0.3626.109 Safari/537.36"
[2019-03-11T16:52:45.587] [ERROR] http - ::1 - - "GET /admin/register HTTP/1.1" 404 1196 "" "Mozilla/5.0 (X11; Linux x86_64) AppleWebKit/537.36 (KHTML, like Gecko) Chrome/72.0.3626.109 Safari/537.36"
[2019-03-11T16:53:47.339] [ERROR] http - ::1 - - "GET /admin/register HTTP/1.1" 404 1196 "" "Mozilla/5.0 (X11; Linux x86_64) AppleWebKit/537.36 (KHTML, like Gecko) Chrome/72.0.3626.109 Safari/537.36"
[2019-03-11T16:54:46.685] [ERROR] http - ::1 - - "GET /admin/register HTTP/1.1" 404 1196 "" "Mozilla/5.0 (X11; Linux x86_64) AppleWebKit/537.36 (KHTML, like Gecko) Chrome/72.0.3626.109 Safari/537.36"
[2019-03-11T16:54:49.505] [INFO] http - ::1 - - "GET /registeradmin HTTP/1.1" 200 2780 "" "Mozilla/5.0 (X11; Linux x86_64) AppleWebKit/537.36 (KHTML, like Gecko) Chrome/72.0.3626.109 Safari/537.36"
[2019-03-11T16:54:49.526] [WARN] http - ::1 - - "GET /stylesheets/login.css HTTP/1.1" 304 - "http://localhost:3000/registeradmin" "Mozilla/5.0 (X11; Linux x86_64) AppleWebKit/537.36 (KHTML, like Gecko) Chrome/72.0.3626.109 Safari/537.36"
[2019-03-11T16:54:49.529] [WARN] http - ::1 - - "GET /img_avatar2.png HTTP/1.1" 304 - "http://localhost:3000/registeradmin" "Mozilla/5.0 (X11; Linux x86_64) AppleWebKit/537.36 (KHTML, like Gecko) Chrome/72.0.3626.109 Safari/537.36"
[2019-03-11T17:20:54.494] [INFO] http - ::1 - - "POST /admin/register HTTP/1.1" 200 347 "http://localhost:3000/registeradmin" "Mozilla/5.0 (X11; Linux x86_64) AppleWebKit/537.36 (KHTML, like Gecko) Chrome/72.0.3626.109 Safari/537.36"
[2019-03-11T17:22:10.276] [INFO] http - ::1 - - "POST /admin/register HTTP/1.1" 200 90 "http://localhost:3000/registeradmin" "Mozilla/5.0 (X11; Linux x86_64) AppleWebKit/537.36 (KHTML, like Gecko) Chrome/72.0.3626.109 Safari/537.36"
[2019-03-11T17:24:10.327] [INFO] http - ::1 - - "POST /admin/register HTTP/1.1" 200 2509 "http://localhost:3000/registeradmin" "Mozilla/5.0 (X11; Linux x86_64) AppleWebKit/537.36 (KHTML, like Gecko) Chrome/72.0.3626.109 Safari/537.36"
[2019-03-11T17:24:10.348] [WARN] http - ::1 - - "GET /stylesheets/login.css HTTP/1.1" 304 - "http://localhost:3000/admin/register" "Mozilla/5.0 (X11; Linux x86_64) AppleWebKit/537.36 (KHTML, like Gecko) Chrome/72.0.3626.109 Safari/537.36"
[2019-03-11T17:24:10.353] [WARN] http - ::1 - - "GET /img_avatar2.png HTTP/1.1" 304 - "http://localhost:3000/admin/register" "Mozilla/5.0 (X11; Linux x86_64) AppleWebKit/537.36 (KHTML, like Gecko) Chrome/72.0.3626.109 Safari/537.36"
[2019-03-11T17:26:23.991] [INFO] http - ::1 - - "POST /admin/register HTTP/1.1" 200 2864 "http://localhost:3000/registeradmin" "Mozilla/5.0 (X11; Linux x86_64) AppleWebKit/537.36 (KHTML, like Gecko) Chrome/72.0.3626.109 Safari/537.36"
[2019-03-11T17:26:24.003] [WARN] http - ::1 - - "GET /stylesheets/login.css HTTP/1.1" 304 - "http://localhost:3000/admin/register" "Mozilla/5.0 (X11; Linux x86_64) AppleWebKit/537.36 (KHTML, like Gecko) Chrome/72.0.3626.109 Safari/537.36"
[2019-03-11T17:26:24.006] [WARN] http - ::1 - - "GET /img_avatar2.png HTTP/1.1" 304 - "http://localhost:3000/admin/register" "Mozilla/5.0 (X11; Linux x86_64) AppleWebKit/537.36 (KHTML, like Gecko) Chrome/72.0.3626.109 Safari/537.36"
[2019-03-11T17:31:14.917] [INFO] http - ::1 - - "POST /admin/register HTTP/1.1" 200 2864 "http://localhost:3000/registeradmin" "Mozilla/5.0 (X11; Linux x86_64) AppleWebKit/537.36 (KHTML, like Gecko) Chrome/72.0.3626.109 Safari/537.36"
[2019-03-11T17:31:14.954] [WARN] http - ::1 - - "GET /img_avatar2.png HTTP/1.1" 304 - "http://localhost:3000/admin/register" "Mozilla/5.0 (X11; Linux x86_64) AppleWebKit/537.36 (KHTML, like Gecko) Chrome/72.0.3626.109 Safari/537.36"
[2019-03-11T17:31:14.965] [INFO] http - ::1 - - "GET /stylesheets/login.css HTTP/1.1" 200 649 "http://localhost:3000/admin/register" "Mozilla/5.0 (X11; Linux x86_64) AppleWebKit/537.36 (KHTML, like Gecko) Chrome/72.0.3626.109 Safari/537.36"
[2019-03-11T17:32:12.097] [INFO] http - ::1 - - "POST /admin/register HTTP/1.1" 200 2793 "http://localhost:3000/registeradmin" "Mozilla/5.0 (X11; Linux x86_64) AppleWebKit/537.36 (KHTML, like Gecko) Chrome/72.0.3626.109 Safari/537.36"
[2019-03-11T17:32:12.116] [INFO] http - ::1 - - "GET /stylesheets/login.css HTTP/1.1" 200 649 "http://localhost:3000/admin/register" "Mozilla/5.0 (X11; Linux x86_64) AppleWebKit/537.36 (KHTML, like Gecko) Chrome/72.0.3626.109 Safari/537.36"
[2019-03-11T17:32:12.118] [WARN] http - ::1 - - "GET /img_avatar2.png HTTP/1.1" 304 - "http://localhost:3000/admin/register" "Mozilla/5.0 (X11; Linux x86_64) AppleWebKit/537.36 (KHTML, like Gecko) Chrome/72.0.3626.109 Safari/537.36"
[2019-03-12T12:36:07.030] [INFO] http - ::1 - - "GET /register HTTP/1.1" 200 2782 "" "Mozilla/5.0 (X11; Linux x86_64) AppleWebKit/537.36 (KHTML, like Gecko) Chrome/72.0.3626.109 Safari/537.36"
[2019-03-12T12:36:07.059] [WARN] http - ::1 - - "GET /stylesheets/login.css HTTP/1.1" 304 - "http://localhost:3000/register" "Mozilla/5.0 (X11; Linux x86_64) AppleWebKit/537.36 (KHTML, like Gecko) Chrome/72.0.3626.109 Safari/537.36"
[2019-03-12T12:36:07.064] [WARN] http - ::1 - - "GET /img_avatar2.png HTTP/1.1" 304 - "http://localhost:3000/register" "Mozilla/5.0 (X11; Linux x86_64) AppleWebKit/537.36 (KHTML, like Gecko) Chrome/72.0.3626.109 Safari/537.36"
[2019-03-12T12:36:07.590] [ERROR] http - ::1 - - "GET /favicon.ico HTTP/1.1" 404 1196 "http://localhost:3000/register" "Mozilla/5.0 (X11; Linux x86_64) AppleWebKit/537.36 (KHTML, like Gecko) Chrome/72.0.3626.109 Safari/537.36"
[2019-03-12T12:36:16.016] [INFO] http - ::1 - - "POST /user/register HTTP/1.1" 200 23 "http://localhost:3000/register" "Mozilla/5.0 (X11; Linux x86_64) AppleWebKit/537.36 (KHTML, like Gecko) Chrome/72.0.3626.109 Safari/537.36"
[2019-03-12T12:37:13.932] [INFO] http - ::1 - - "POST /user/register HTTP/1.1" 200 23 "http://localhost:3000/register" "Mozilla/5.0 (X11; Linux x86_64) AppleWebKit/537.36 (KHTML, like Gecko) Chrome/72.0.3626.109 Safari/537.36"
[2019-03-12T12:38:46.325] [INFO] http - ::1 - - "POST /user/register HTTP/1.1" 200 2509 "http://localhost:3000/register" "Mozilla/5.0 (X11; Linux x86_64) AppleWebKit/537.36 (KHTML, like Gecko) Chrome/72.0.3626.109 Safari/537.36"
[2019-03-12T12:38:46.347] [WARN] http - ::1 - - "GET /stylesheets/login.css HTTP/1.1" 304 - "http://localhost:3000/user/register" "Mozilla/5.0 (X11; Linux x86_64) AppleWebKit/537.36 (KHTML, like Gecko) Chrome/72.0.3626.109 Safari/537.36"
[2019-03-12T12:38:46.348] [WARN] http - ::1 - - "GET /img_avatar2.png HTTP/1.1" 304 - "http://localhost:3000/user/register" "Mozilla/5.0 (X11; Linux x86_64) AppleWebKit/537.36 (KHTML, like Gecko) Chrome/72.0.3626.109 Safari/537.36"
[2019-03-12T12:39:22.587] [ERROR] http - ::1 - - "POST /user/login HTTP/1.1" 404 1196 "http://localhost:3000/user/register" "Mozilla/5.0 (X11; Linux x86_64) AppleWebKit/537.36 (KHTML, like Gecko) Chrome/72.0.3626.109 Safari/537.36"
[2019-03-12T12:43:28.005] [ERROR] http - ::1 - - "POST /user/login HTTP/1.1" 404 1196 "http://localhost:3000/user/register" "Mozilla/5.0 (X11; Linux x86_64) AppleWebKit/537.36 (KHTML, like Gecko) Chrome/72.0.3626.109 Safari/537.36"
[2019-03-12T12:44:42.782] [INFO] http - ::1 - - "POST /user/login HTTP/1.1" 200 2689 "http://localhost:3000/user/register" "Mozilla/5.0 (X11; Linux x86_64) AppleWebKit/537.36 (KHTML, like Gecko) Chrome/72.0.3626.109 Safari/537.36"
[2019-03-12T12:44:42.803] [WARN] http - ::1 - - "GET /stylesheets/login.css HTTP/1.1" 304 - "http://localhost:3000/user/login" "Mozilla/5.0 (X11; Linux x86_64) AppleWebKit/537.36 (KHTML, like Gecko) Chrome/72.0.3626.109 Safari/537.36"
[2019-03-12T12:44:42.806] [WARN] http - ::1 - - "GET /img_avatar2.png HTTP/1.1" 304 - "http://localhost:3000/user/login" "Mozilla/5.0 (X11; Linux x86_64) AppleWebKit/537.36 (KHTML, like Gecko) Chrome/72.0.3626.109 Safari/537.36"
[2019-03-12T12:49:01.708] [INFO] http - ::1 - - "POST /user/login HTTP/1.1" 200 2689 "http://localhost:3000/user/login" "Mozilla/5.0 (X11; Linux x86_64) AppleWebKit/537.36 (KHTML, like Gecko) Chrome/72.0.3626.109 Safari/537.36"
[2019-03-12T12:49:01.733] [WARN] http - ::1 - - "GET /stylesheets/login.css HTTP/1.1" 304 - "http://localhost:3000/user/login" "Mozilla/5.0 (X11; Linux x86_64) AppleWebKit/537.36 (KHTML, like Gecko) Chrome/72.0.3626.109 Safari/537.36"
[2019-03-12T12:49:01.735] [WARN] http - ::1 - - "GET /img_avatar2.png HTTP/1.1" 304 - "http://localhost:3000/user/login" "Mozilla/5.0 (X11; Linux x86_64) AppleWebKit/537.36 (KHTML, like Gecko) Chrome/72.0.3626.109 Safari/537.36"
[2019-03-12T13:26:33.117] [INFO] http - ::1 - - "POST /user/login HTTP/1.1" 200 2689 "http://localhost:3000/user/login" "Mozilla/5.0 (X11; Linux x86_64) AppleWebKit/537.36 (KHTML, like Gecko) Chrome/72.0.3626.109 Safari/537.36"
[2019-03-12T13:26:33.141] [WARN] http - ::1 - - "GET /stylesheets/login.css HTTP/1.1" 304 - "http://localhost:3000/user/login" "Mozilla/5.0 (X11; Linux x86_64) AppleWebKit/537.36 (KHTML, like Gecko) Chrome/72.0.3626.109 Safari/537.36"
[2019-03-12T13:26:33.148] [WARN] http - ::1 - - "GET /img_avatar2.png HTTP/1.1" 304 - "http://localhost:3000/user/login" "Mozilla/5.0 (X11; Linux x86_64) AppleWebKit/537.36 (KHTML, like Gecko) Chrome/72.0.3626.109 Safari/537.36"
[2019-03-12T13:30:44.261] [INFO] http - ::1 - - "POST /user/login HTTP/1.1" 200 2522 "http://localhost:3000/user/login" "Mozilla/5.0 (X11; Linux x86_64) AppleWebKit/537.36 (KHTML, like Gecko) Chrome/72.0.3626.109 Safari/537.36"
[2019-03-12T13:30:44.281] [WARN] http - ::1 - - "GET /stylesheets/login.css HTTP/1.1" 304 - "http://localhost:3000/user/login" "Mozilla/5.0 (X11; Linux x86_64) AppleWebKit/537.36 (KHTML, like Gecko) Chrome/72.0.3626.109 Safari/537.36"
[2019-03-12T13:30:44.284] [WARN] http - ::1 - - "GET /img_avatar2.png HTTP/1.1" 304 - "http://localhost:3000/user/login" "Mozilla/5.0 (X11; Linux x86_64) AppleWebKit/537.36 (KHTML, like Gecko) Chrome/72.0.3626.109 Safari/537.36"
[2019-03-12T13:32:24.093] [INFO] http - ::1 - - "GET / HTTP/1.1" 200 2507 "" "Mozilla/5.0 (X11; Linux x86_64) AppleWebKit/537.36 (KHTML, like Gecko) Chrome/72.0.3626.109 Safari/537.36"
[2019-03-12T13:32:24.105] [WARN] http - ::1 - - "GET /stylesheets/login.css HTTP/1.1" 304 - "http://localhost:3000/" "Mozilla/5.0 (X11; Linux x86_64) AppleWebKit/537.36 (KHTML, like Gecko) Chrome/72.0.3626.109 Safari/537.36"
[2019-03-12T13:32:24.107] [WARN] http - ::1 - - "GET /img_avatar2.png HTTP/1.1" 304 - "http://localhost:3000/" "Mozilla/5.0 (X11; Linux x86_64) AppleWebKit/537.36 (KHTML, like Gecko) Chrome/72.0.3626.109 Safari/537.36"
[2019-03-12T13:32:28.977] [INFO] http - ::1 - - "POST /user/login HTTP/1.1" 200 2534 "http://localhost:3000/" "Mozilla/5.0 (X11; Linux x86_64) AppleWebKit/537.36 (KHTML, like Gecko) Chrome/72.0.3626.109 Safari/537.36"
[2019-03-12T13:32:28.991] [WARN] http - ::1 - - "GET /stylesheets/login.css HTTP/1.1" 304 - "http://localhost:3000/user/login" "Mozilla/5.0 (X11; Linux x86_64) AppleWebKit/537.36 (KHTML, like Gecko) Chrome/72.0.3626.109 Safari/537.36"
[2019-03-12T13:32:28.992] [WARN] http - ::1 - - "GET /img_avatar2.png HTTP/1.1" 304 - "http://localhost:3000/user/login" "Mozilla/5.0 (X11; Linux x86_64) AppleWebKit/537.36 (KHTML, like Gecko) Chrome/72.0.3626.109 Safari/537.36"
[2019-03-12T13:59:56.161] [INFO] http - ::1 - - "POST /user/login HTTP/1.1" 200 2534 "http://localhost:3000/user/login" "Mozilla/5.0 (X11; Linux x86_64) AppleWebKit/537.36 (KHTML, like Gecko) Chrome/72.0.3626.109 Safari/537.36"
[2019-03-12T13:59:56.189] [WARN] http - ::1 - - "GET /stylesheets/login.css HTTP/1.1" 304 - "http://localhost:3000/user/login" "Mozilla/5.0 (X11; Linux x86_64) AppleWebKit/537.36 (KHTML, like Gecko) Chrome/72.0.3626.109 Safari/537.36"
[2019-03-12T13:59:56.191] [WARN] http - ::1 - - "GET /img_avatar2.png HTTP/1.1" 304 - "http://localhost:3000/user/login" "Mozilla/5.0 (X11; Linux x86_64) AppleWebKit/537.36 (KHTML, like Gecko) Chrome/72.0.3626.109 Safari/537.36"
[2019-03-12T14:14:25.687] [WARN] http - ::1 - - "GET /register HTTP/1.1" 304 - "http://localhost:3000/user/login" "Mozilla/5.0 (X11; Linux x86_64) AppleWebKit/537.36 (KHTML, like Gecko) Chrome/72.0.3626.109 Safari/537.36"
[2019-03-12T14:14:25.709] [WARN] http - ::1 - - "GET /stylesheets/login.css HTTP/1.1" 304 - "http://localhost:3000/register" "Mozilla/5.0 (X11; Linux x86_64) AppleWebKit/537.36 (KHTML, like Gecko) Chrome/72.0.3626.109 Safari/537.36"
[2019-03-12T14:14:25.711] [WARN] http - ::1 - - "GET /img_avatar2.png HTTP/1.1" 304 - "http://localhost:3000/register" "Mozilla/5.0 (X11; Linux x86_64) AppleWebKit/537.36 (KHTML, like Gecko) Chrome/72.0.3626.109 Safari/537.36"
[2019-03-12T14:14:37.446] [INFO] http - ::1 - - "POST /user/register HTTP/1.1" 200 2500 "http://localhost:3000/register" "Mozilla/5.0 (X11; Linux x86_64) AppleWebKit/537.36 (KHTML, like Gecko) Chrome/72.0.3626.109 Safari/537.36"
[2019-03-12T14:14:37.468] [WARN] http - ::1 - - "GET /stylesheets/login.css HTTP/1.1" 304 - "http://localhost:3000/user/register" "Mozilla/5.0 (X11; Linux x86_64) AppleWebKit/537.36 (KHTML, like Gecko) Chrome/72.0.3626.109 Safari/537.36"
[2019-03-12T14:14:37.470] [WARN] http - ::1 - - "GET /img_avatar2.png HTTP/1.1" 304 - "http://localhost:3000/user/register" "Mozilla/5.0 (X11; Linux x86_64) AppleWebKit/537.36 (KHTML, like Gecko) Chrome/72.0.3626.109 Safari/537.36"
[2019-03-12T14:15:51.456] [INFO] http - ::1 - - "POST /user/login HTTP/1.1" 200 453 "http://localhost:3000/user/register" "Mozilla/5.0 (X11; Linux x86_64) AppleWebKit/537.36 (KHTML, like Gecko) Chrome/72.0.3626.109 Safari/537.36"
[2019-03-12T14:15:51.475] [WARN] http - ::1 - - "GET /stylesheets/login.css HTTP/1.1" 304 - "http://localhost:3000/user/login" "Mozilla/5.0 (X11; Linux x86_64) AppleWebKit/537.36 (KHTML, like Gecko) Chrome/72.0.3626.109 Safari/537.36"
[2019-03-12T14:17:05.541] [INFO] http - ::1 - - "POST /user/login HTTP/1.1" 200 481 "http://localhost:3000/user/register" "Mozilla/5.0 (X11; Linux x86_64) AppleWebKit/537.36 (KHTML, like Gecko) Chrome/72.0.3626.109 Safari/537.36"
[2019-03-12T14:17:05.555] [WARN] http - ::1 - - "GET /stylesheets/login.css HTTP/1.1" 304 - "http://localhost:3000/user/login" "Mozilla/5.0 (X11; Linux x86_64) AppleWebKit/537.36 (KHTML, like Gecko) Chrome/72.0.3626.109 Safari/537.36"
[2019-03-12T14:26:23.144] [ERROR] http - ::1 - - "GET /user/login HTTP/1.1" 404 1196 "" "Mozilla/5.0 (X11; Linux x86_64) AppleWebKit/537.36 (KHTML, like Gecko) Chrome/72.0.3626.109 Safari/537.36"
[2019-03-12T14:26:35.951] [WARN] http - ::1 - - "GET / HTTP/1.1" 304 - "" "Mozilla/5.0 (X11; Linux x86_64) AppleWebKit/537.36 (KHTML, like Gecko) Chrome/72.0.3626.109 Safari/537.36"
[2019-03-12T14:26:35.978] [WARN] http - ::1 - - "GET /stylesheets/login.css HTTP/1.1" 304 - "http://localhost:3000/" "Mozilla/5.0 (X11; Linux x86_64) AppleWebKit/537.36 (KHTML, like Gecko) Chrome/72.0.3626.109 Safari/537.36"
[2019-03-12T14:26:35.979] [WARN] http - ::1 - - "GET /img_avatar2.png HTTP/1.1" 304 - "http://localhost:3000/" "Mozilla/5.0 (X11; Linux x86_64) AppleWebKit/537.36 (KHTML, like Gecko) Chrome/72.0.3626.109 Safari/537.36"
[2019-03-12T14:26:45.146] [INFO] http - ::1 - - "POST /user/login HTTP/1.1" 200 2513 "http://localhost:3000/" "Mozilla/5.0 (X11; Linux x86_64) AppleWebKit/537.36 (KHTML, like Gecko) Chrome/72.0.3626.109 Safari/537.36"
[2019-03-12T14:26:45.166] [WARN] http - ::1 - - "GET /stylesheets/login.css HTTP/1.1" 304 - "http://localhost:3000/user/login" "Mozilla/5.0 (X11; Linux x86_64) AppleWebKit/537.36 (KHTML, like Gecko) Chrome/72.0.3626.109 Safari/537.36"
[2019-03-12T14:26:45.169] [WARN] http - ::1 - - "GET /img_avatar2.png HTTP/1.1" 304 - "http://localhost:3000/user/login" "Mozilla/5.0 (X11; Linux x86_64) AppleWebKit/537.36 (KHTML, like Gecko) Chrome/72.0.3626.109 Safari/537.36"
[2019-03-12T14:26:52.431] [INFO] http - ::1 - - "POST /user/login HTTP/1.1" 200 2516 "http://localhost:3000/user/login" "Mozilla/5.0 (X11; Linux x86_64) AppleWebKit/537.36 (KHTML, like Gecko) Chrome/72.0.3626.109 Safari/537.36"
[2019-03-12T14:26:52.446] [WARN] http - ::1 - - "GET /stylesheets/login.css HTTP/1.1" 304 - "http://localhost:3000/user/login" "Mozilla/5.0 (X11; Linux x86_64) AppleWebKit/537.36 (KHTML, like Gecko) Chrome/72.0.3626.109 Safari/537.36"
[2019-03-12T14:26:52.447] [WARN] http - ::1 - - "GET /img_avatar2.png HTTP/1.1" 304 - "http://localhost:3000/user/login" "Mozilla/5.0 (X11; Linux x86_64) AppleWebKit/537.36 (KHTML, like Gecko) Chrome/72.0.3626.109 Safari/537.36"
[2019-03-12T14:26:57.193] [WARN] http - ::1 - - "GET /register HTTP/1.1" 304 - "http://localhost:3000/user/login" "Mozilla/5.0 (X11; Linux x86_64) AppleWebKit/537.36 (KHTML, like Gecko) Chrome/72.0.3626.109 Safari/537.36"
[2019-03-12T14:26:57.250] [WARN] http - ::1 - - "GET /stylesheets/login.css HTTP/1.1" 304 - "http://localhost:3000/register" "Mozilla/5.0 (X11; Linux x86_64) AppleWebKit/537.36 (KHTML, like Gecko) Chrome/72.0.3626.109 Safari/537.36"
[2019-03-12T14:26:57.253] [WARN] http - ::1 - - "GET /img_avatar2.png HTTP/1.1" 304 - "http://localhost:3000/register" "Mozilla/5.0 (X11; Linux x86_64) AppleWebKit/537.36 (KHTML, like Gecko) Chrome/72.0.3626.109 Safari/537.36"
[2019-03-12T14:27:03.541] [INFO] http - ::1 - - "POST /user/register HTTP/1.1" 200 2793 "http://localhost:3000/register" "Mozilla/5.0 (X11; Linux x86_64) AppleWebKit/537.36 (KHTML, like Gecko) Chrome/72.0.3626.109 Safari/537.36"
[2019-03-12T14:27:03.582] [WARN] http - ::1 - - "GET /stylesheets/login.css HTTP/1.1" 304 - "http://localhost:3000/user/register" "Mozilla/5.0 (X11; Linux x86_64) AppleWebKit/537.36 (KHTML, like Gecko) Chrome/72.0.3626.109 Safari/537.36"
[2019-03-12T14:27:03.585] [WARN] http - ::1 - - "GET /img_avatar2.png HTTP/1.1" 304 - "http://localhost:3000/user/register" "Mozilla/5.0 (X11; Linux x86_64) AppleWebKit/537.36 (KHTML, like Gecko) Chrome/72.0.3626.109 Safari/537.36"
[2019-03-12T14:27:13.800] [INFO] http - ::1 - - "POST /admin/register HTTP/1.1" 200 2500 "http://localhost:3000/user/register" "Mozilla/5.0 (X11; Linux x86_64) AppleWebKit/537.36 (KHTML, like Gecko) Chrome/72.0.3626.109 Safari/537.36"
[2019-03-12T14:27:13.813] [WARN] http - ::1 - - "GET /stylesheets/login.css HTTP/1.1" 304 - "http://localhost:3000/admin/register" "Mozilla/5.0 (X11; Linux x86_64) AppleWebKit/537.36 (KHTML, like Gecko) Chrome/72.0.3626.109 Safari/537.36"
[2019-03-12T14:27:13.814] [WARN] http - ::1 - - "GET /img_avatar2.png HTTP/1.1" 304 - "http://localhost:3000/admin/register" "Mozilla/5.0 (X11; Linux x86_64) AppleWebKit/537.36 (KHTML, like Gecko) Chrome/72.0.3626.109 Safari/537.36"
[2019-03-12T14:27:20.372] [INFO] http - ::1 - - "POST /user/login HTTP/1.1" 200 2534 "http://localhost:3000/admin/register" "Mozilla/5.0 (X11; Linux x86_64) AppleWebKit/537.36 (KHTML, like Gecko) Chrome/72.0.3626.109 Safari/537.36"
[2019-03-12T14:27:20.386] [WARN] http - ::1 - - "GET /stylesheets/login.css HTTP/1.1" 304 - "http://localhost:3000/user/login" "Mozilla/5.0 (X11; Linux x86_64) AppleWebKit/537.36 (KHTML, like Gecko) Chrome/72.0.3626.109 Safari/537.36"
[2019-03-12T14:27:20.389] [WARN] http - ::1 - - "GET /img_avatar2.png HTTP/1.1" 304 - "http://localhost:3000/user/login" "Mozilla/5.0 (X11; Linux x86_64) AppleWebKit/537.36 (KHTML, like Gecko) Chrome/72.0.3626.109 Safari/537.36"
[2019-03-12T14:27:29.173] [INFO] http - ::1 - - "POST /user/login HTTP/1.1" 200 481 "http://localhost:3000/user/login" "Mozilla/5.0 (X11; Linux x86_64) AppleWebKit/537.36 (KHTML, like Gecko) Chrome/72.0.3626.109 Safari/537.36"
[2019-03-12T14:27:29.185] [WARN] http - ::1 - - "GET /stylesheets/login.css HTTP/1.1" 304 - "http://localhost:3000/user/login" "Mozilla/5.0 (X11; Linux x86_64) AppleWebKit/537.36 (KHTML, like Gecko) Chrome/72.0.3626.109 Safari/537.36"
[2019-03-12T14:57:58.787] [WARN] http - ::1 - - "GET /registeradmin HTTP/1.1" 304 - "" "Mozilla/5.0 (X11; Linux x86_64) AppleWebKit/537.36 (KHTML, like Gecko) Chrome/72.0.3626.109 Safari/537.36"
[2019-03-12T14:57:58.805] [WARN] http - ::1 - - "GET /stylesheets/login.css HTTP/1.1" 304 - "http://localhost:3000/registeradmin" "Mozilla/5.0 (X11; Linux x86_64) AppleWebKit/537.36 (KHTML, like Gecko) Chrome/72.0.3626.109 Safari/537.36"
[2019-03-12T14:57:58.810] [WARN] http - ::1 - - "GET /img_avatar2.png HTTP/1.1" 304 - "http://localhost:3000/registeradmin" "Mozilla/5.0 (X11; Linux x86_64) AppleWebKit/537.36 (KHTML, like Gecko) Chrome/72.0.3626.109 Safari/537.36"
[2019-03-12T14:58:07.806] [INFO] http - ::1 - - "POST /admin/register HTTP/1.1" 200 2820 "http://localhost:3000/registeradmin" "Mozilla/5.0 (X11; Linux x86_64) AppleWebKit/537.36 (KHTML, like Gecko) Chrome/72.0.3626.109 Safari/537.36"
[2019-03-12T14:58:07.820] [WARN] http - ::1 - - "GET /stylesheets/login.css HTTP/1.1" 304 - "http://localhost:3000/admin/register" "Mozilla/5.0 (X11; Linux x86_64) AppleWebKit/537.36 (KHTML, like Gecko) Chrome/72.0.3626.109 Safari/537.36"
[2019-03-12T14:58:07.822] [WARN] http - ::1 - - "GET /img_avatar2.png HTTP/1.1" 304 - "http://localhost:3000/admin/register" "Mozilla/5.0 (X11; Linux x86_64) AppleWebKit/537.36 (KHTML, like Gecko) Chrome/72.0.3626.109 Safari/537.36"
[2019-03-12T14:58:49.954] [INFO] http - ::1 - - "POST /admin/register HTTP/1.1" 200 2500 "http://localhost:3000/admin/register" "Mozilla/5.0 (X11; Linux x86_64) AppleWebKit/537.36 (KHTML, like Gecko) Chrome/72.0.3626.109 Safari/537.36"
[2019-03-12T14:58:49.980] [WARN] http - ::1 - - "GET /stylesheets/login.css HTTP/1.1" 304 - "http://localhost:3000/admin/register" "Mozilla/5.0 (X11; Linux x86_64) AppleWebKit/537.36 (KHTML, like Gecko) Chrome/72.0.3626.109 Safari/537.36"
[2019-03-12T14:58:49.982] [WARN] http - ::1 - - "GET /img_avatar2.png HTTP/1.1" 304 - "http://localhost:3000/admin/register" "Mozilla/5.0 (X11; Linux x86_64) AppleWebKit/537.36 (KHTML, like Gecko) Chrome/72.0.3626.109 Safari/537.36"
[2019-03-12T14:59:13.846] [INFO] http - ::1 - - "POST /user/login HTTP/1.1" 200 2534 "http://localhost:3000/admin/register" "Mozilla/5.0 (X11; Linux x86_64) AppleWebKit/537.36 (KHTML, like Gecko) Chrome/72.0.3626.109 Safari/537.36"
[2019-03-12T14:59:13.867] [WARN] http - ::1 - - "GET /stylesheets/login.css HTTP/1.1" 304 - "http://localhost:3000/user/login" "Mozilla/5.0 (X11; Linux x86_64) AppleWebKit/537.36 (KHTML, like Gecko) Chrome/72.0.3626.109 Safari/537.36"
[2019-03-12T14:59:13.868] [WARN] http - ::1 - - "GET /img_avatar2.png HTTP/1.1" 304 - "http://localhost:3000/user/login" "Mozilla/5.0 (X11; Linux x86_64) AppleWebKit/537.36 (KHTML, like Gecko) Chrome/72.0.3626.109 Safari/537.36"
[2019-03-12T14:59:40.943] [INFO] http - ::1 - - "POST /user/login HTTP/1.1" 200 453 "http://localhost:3000/user/login" "Mozilla/5.0 (X11; Linux x86_64) AppleWebKit/537.36 (KHTML, like Gecko) Chrome/72.0.3626.109 Safari/537.36"
[2019-03-12T14:59:40.954] [WARN] http - ::1 - - "GET /stylesheets/login.css HTTP/1.1" 304 - "http://localhost:3000/user/login" "Mozilla/5.0 (X11; Linux x86_64) AppleWebKit/537.36 (KHTML, like Gecko) Chrome/72.0.3626.109 Safari/537.36"
[2019-03-12T15:00:06.222] [INFO] http - ::1 - - "POST /user/login HTTP/1.1" 200 481 "http://localhost:3000/user/login" "Mozilla/5.0 (X11; Linux x86_64) AppleWebKit/537.36 (KHTML, like Gecko) Chrome/72.0.3626.109 Safari/537.36"
[2019-03-12T15:00:06.237] [WARN] http - ::1 - - "GET /stylesheets/login.css HTTP/1.1" 304 - "http://localhost:3000/user/login" "Mozilla/5.0 (X11; Linux x86_64) AppleWebKit/537.36 (KHTML, like Gecko) Chrome/72.0.3626.109 Safari/537.36"
[2019-03-12T15:00:12.224] [INFO] http - ::1 - - "POST /user/login HTTP/1.1" 200 2516 "http://localhost:3000/user/login" "Mozilla/5.0 (X11; Linux x86_64) AppleWebKit/537.36 (KHTML, like Gecko) Chrome/72.0.3626.109 Safari/537.36"
[2019-03-12T15:00:12.237] [WARN] http - ::1 - - "GET /stylesheets/login.css HTTP/1.1" 304 - "http://localhost:3000/user/login" "Mozilla/5.0 (X11; Linux x86_64) AppleWebKit/537.36 (KHTML, like Gecko) Chrome/72.0.3626.109 Safari/537.36"
[2019-03-12T15:00:12.238] [WARN] http - ::1 - - "GET /img_avatar2.png HTTP/1.1" 304 - "http://localhost:3000/user/login" "Mozilla/5.0 (X11; Linux x86_64) AppleWebKit/537.36 (KHTML, like Gecko) Chrome/72.0.3626.109 Safari/537.36"
[2019-03-12T15:00:17.273] [INFO] http - ::1 - - "POST /user/login HTTP/1.1" 200 2516 "http://localhost:3000/user/login" "Mozilla/5.0 (X11; Linux x86_64) AppleWebKit/537.36 (KHTML, like Gecko) Chrome/72.0.3626.109 Safari/537.36"
[2019-03-12T15:00:17.286] [WARN] http - ::1 - - "GET /stylesheets/login.css HTTP/1.1" 304 - "http://localhost:3000/user/login" "Mozilla/5.0 (X11; Linux x86_64) AppleWebKit/537.36 (KHTML, like Gecko) Chrome/72.0.3626.109 Safari/537.36"
[2019-03-12T15:00:17.289] [WARN] http - ::1 - - "GET /img_avatar2.png HTTP/1.1" 304 - "http://localhost:3000/user/login" "Mozilla/5.0 (X11; Linux x86_64) AppleWebKit/537.36 (KHTML, like Gecko) Chrome/72.0.3626.109 Safari/537.36"
[2019-03-12T15:00:27.472] [INFO] http - ::1 - - "POST /user/login HTTP/1.1" 200 2513 "http://localhost:3000/user/login" "Mozilla/5.0 (X11; Linux x86_64) AppleWebKit/537.36 (KHTML, like Gecko) Chrome/72.0.3626.109 Safari/537.36"
[2019-03-12T15:00:27.503] [WARN] http - ::1 - - "GET /stylesheets/login.css HTTP/1.1" 304 - "http://localhost:3000/user/login" "Mozilla/5.0 (X11; Linux x86_64) AppleWebKit/537.36 (KHTML, like Gecko) Chrome/72.0.3626.109 Safari/537.36"
[2019-03-12T15:00:27.507] [WARN] http - ::1 - - "GET /img_avatar2.png HTTP/1.1" 304 - "http://localhost:3000/user/login" "Mozilla/5.0 (X11; Linux x86_64) AppleWebKit/537.36 (KHTML, like Gecko) Chrome/72.0.3626.109 Safari/537.36"
[2019-03-12T15:00:30.069] [INFO] http - ::1 - - "POST /user/login HTTP/1.1" 200 2513 "http://localhost:3000/user/login" "Mozilla/5.0 (X11; Linux x86_64) AppleWebKit/537.36 (KHTML, like Gecko) Chrome/72.0.3626.109 Safari/537.36"
[2019-03-12T15:00:30.118] [WARN] http - ::1 - - "GET /stylesheets/login.css HTTP/1.1" 304 - "http://localhost:3000/user/login" "Mozilla/5.0 (X11; Linux x86_64) AppleWebKit/537.36 (KHTML, like Gecko) Chrome/72.0.3626.109 Safari/537.36"
[2019-03-12T15:00:30.121] [WARN] http - ::1 - - "GET /img_avatar2.png HTTP/1.1" 304 - "http://localhost:3000/user/login" "Mozilla/5.0 (X11; Linux x86_64) AppleWebKit/537.36 (KHTML, like Gecko) Chrome/72.0.3626.109 Safari/537.36"
[2019-03-12T15:00:38.349] [WARN] http - ::1 - - "GET /register HTTP/1.1" 304 - "" "Mozilla/5.0 (X11; Linux x86_64) AppleWebKit/537.36 (KHTML, like Gecko) Chrome/72.0.3626.109 Safari/537.36"
[2019-03-12T15:00:38.370] [WARN] http - ::1 - - "GET /stylesheets/login.css HTTP/1.1" 304 - "http://localhost:3000/register" "Mozilla/5.0 (X11; Linux x86_64) AppleWebKit/537.36 (KHTML, like Gecko) Chrome/72.0.3626.109 Safari/537.36"
[2019-03-12T15:00:38.370] [WARN] http - ::1 - - "GET /img_avatar2.png HTTP/1.1" 304 - "http://localhost:3000/register" "Mozilla/5.0 (X11; Linux x86_64) AppleWebKit/537.36 (KHTML, like Gecko) Chrome/72.0.3626.109 Safari/537.36"
[2019-03-12T15:00:40.588] [INFO] http - ::1 - - "POST /user/register HTTP/1.1" 200 2500 "http://localhost:3000/register" "Mozilla/5.0 (X11; Linux x86_64) AppleWebKit/537.36 (KHTML, like Gecko) Chrome/72.0.3626.109 Safari/537.36"
[2019-03-12T15:00:40.623] [WARN] http - ::1 - - "GET /stylesheets/login.css HTTP/1.1" 304 - "http://localhost:3000/user/register" "Mozilla/5.0 (X11; Linux x86_64) AppleWebKit/537.36 (KHTML, like Gecko) Chrome/72.0.3626.109 Safari/537.36"
[2019-03-12T15:00:40.624] [WARN] http - ::1 - - "GET /img_avatar2.png HTTP/1.1" 304 - "http://localhost:3000/user/register" "Mozilla/5.0 (X11; Linux x86_64) AppleWebKit/537.36 (KHTML, like Gecko) Chrome/72.0.3626.109 Safari/537.36"
[2019-03-12T15:01:20.727] [INFO] http - ::1 - - "POST /user/login HTTP/1.1" 200 2534 "http://localhost:3000/user/register" "Mozilla/5.0 (X11; Linux x86_64) AppleWebKit/537.36 (KHTML, like Gecko) Chrome/72.0.3626.109 Safari/537.36"
[2019-03-12T15:01:20.743] [WARN] http - ::1 - - "GET /stylesheets/login.css HTTP/1.1" 304 - "http://localhost:3000/user/login" "Mozilla/5.0 (X11; Linux x86_64) AppleWebKit/537.36 (KHTML, like Gecko) Chrome/72.0.3626.109 Safari/537.36"
[2019-03-12T15:01:20.744] [WARN] http - ::1 - - "GET /img_avatar2.png HTTP/1.1" 304 - "http://localhost:3000/user/login" "Mozilla/5.0 (X11; Linux x86_64) AppleWebKit/537.36 (KHTML, like Gecko) Chrome/72.0.3626.109 Safari/537.36"
[2019-03-12T15:03:16.300] [INFO] http - ::1 - - "POST /user/login HTTP/1.1" 200 2534 "http://localhost:3000/user/login" "Mozilla/5.0 (X11; Linux x86_64) AppleWebKit/537.36 (KHTML, like Gecko) Chrome/72.0.3626.109 Safari/537.36"
[2019-03-12T15:03:16.318] [WARN] http - ::1 - - "GET /stylesheets/login.css HTTP/1.1" 304 - "http://localhost:3000/user/login" "Mozilla/5.0 (X11; Linux x86_64) AppleWebKit/537.36 (KHTML, like Gecko) Chrome/72.0.3626.109 Safari/537.36"
[2019-03-12T15:03:16.320] [WARN] http - ::1 - - "GET /img_avatar2.png HTTP/1.1" 304 - "http://localhost:3000/user/login" "Mozilla/5.0 (X11; Linux x86_64) AppleWebKit/537.36 (KHTML, like Gecko) Chrome/72.0.3626.109 Safari/537.36"
[2019-03-12T15:03:34.784] [INFO] http - ::1 - - "POST /user/login HTTP/1.1" 200 2513 "http://localhost:3000/user/login" "Mozilla/5.0 (X11; Linux x86_64) AppleWebKit/537.36 (KHTML, like Gecko) Chrome/72.0.3626.109 Safari/537.36"
[2019-03-12T15:03:34.813] [WARN] http - ::1 - - "GET /stylesheets/login.css HTTP/1.1" 304 - "http://localhost:3000/user/login" "Mozilla/5.0 (X11; Linux x86_64) AppleWebKit/537.36 (KHTML, like Gecko) Chrome/72.0.3626.109 Safari/537.36"
[2019-03-12T15:03:34.815] [WARN] http - ::1 - - "GET /img_avatar2.png HTTP/1.1" 304 - "http://localhost:3000/user/login" "Mozilla/5.0 (X11; Linux x86_64) AppleWebKit/537.36 (KHTML, like Gecko) Chrome/72.0.3626.109 Safari/537.36"
[2019-03-12T15:03:38.350] [WARN] http - ::1 - - "GET /register HTTP/1.1" 304 - "http://localhost:3000/user/login" "Mozilla/5.0 (X11; Linux x86_64) AppleWebKit/537.36 (KHTML, like Gecko) Chrome/72.0.3626.109 Safari/537.36"
[2019-03-12T15:03:38.406] [WARN] http - ::1 - - "GET /stylesheets/login.css HTTP/1.1" 304 - "http://localhost:3000/register" "Mozilla/5.0 (X11; Linux x86_64) AppleWebKit/537.36 (KHTML, like Gecko) Chrome/72.0.3626.109 Safari/537.36"
[2019-03-12T15:03:38.414] [WARN] http - ::1 - - "GET /img_avatar2.png HTTP/1.1" 304 - "http://localhost:3000/register" "Mozilla/5.0 (X11; Linux x86_64) AppleWebKit/537.36 (KHTML, like Gecko) Chrome/72.0.3626.109 Safari/537.36"
[2019-03-12T15:03:41.420] [INFO] http - ::1 - - "POST /user/register HTTP/1.1" 200 2808 "http://localhost:3000/register" "Mozilla/5.0 (X11; Linux x86_64) AppleWebKit/537.36 (KHTML, like Gecko) Chrome/72.0.3626.109 Safari/537.36"
[2019-03-12T15:03:41.469] [WARN] http - ::1 - - "GET /stylesheets/login.css HTTP/1.1" 304 - "http://localhost:3000/user/register" "Mozilla/5.0 (X11; Linux x86_64) AppleWebKit/537.36 (KHTML, like Gecko) Chrome/72.0.3626.109 Safari/537.36"
[2019-03-12T15:03:41.472] [WARN] http - ::1 - - "GET /img_avatar2.png HTTP/1.1" 304 - "http://localhost:3000/user/register" "Mozilla/5.0 (X11; Linux x86_64) AppleWebKit/537.36 (KHTML, like Gecko) Chrome/72.0.3626.109 Safari/537.36"
[2019-03-12T15:03:50.899] [INFO] http - ::1 - - "POST /user/register HTTP/1.1" 200 2821 "http://localhost:3000/user/register" "Mozilla/5.0 (X11; Linux x86_64) AppleWebKit/537.36 (KHTML, like Gecko) Chrome/72.0.3626.109 Safari/537.36"
[2019-03-12T15:03:50.963] [WARN] http - ::1 - - "GET /stylesheets/login.css HTTP/1.1" 304 - "http://localhost:3000/user/register" "Mozilla/5.0 (X11; Linux x86_64) AppleWebKit/537.36 (KHTML, like Gecko) Chrome/72.0.3626.109 Safari/537.36"
[2019-03-12T15:03:50.966] [WARN] http - ::1 - - "GET /img_avatar2.png HTTP/1.1" 304 - "http://localhost:3000/user/register" "Mozilla/5.0 (X11; Linux x86_64) AppleWebKit/537.36 (KHTML, like Gecko) Chrome/72.0.3626.109 Safari/537.36"
[2019-03-12T15:04:01.823] [INFO] http - ::1 - - "POST /user/register HTTP/1.1" 200 2808 "http://localhost:3000/user/register" "Mozilla/5.0 (X11; Linux x86_64) AppleWebKit/537.36 (KHTML, like Gecko) Chrome/72.0.3626.109 Safari/537.36"
[2019-03-12T15:04:01.877] [WARN] http - ::1 - - "GET /stylesheets/login.css HTTP/1.1" 304 - "http://localhost:3000/user/register" "Mozilla/5.0 (X11; Linux x86_64) AppleWebKit/537.36 (KHTML, like Gecko) Chrome/72.0.3626.109 Safari/537.36"
[2019-03-12T15:04:01.878] [WARN] http - ::1 - - "GET /img_avatar2.png HTTP/1.1" 304 - "http://localhost:3000/user/register" "Mozilla/5.0 (X11; Linux x86_64) AppleWebKit/537.36 (KHTML, like Gecko) Chrome/72.0.3626.109 Safari/537.36"
[2019-03-12T15:04:06.260] [WARN] http - ::1 - - "GET / HTTP/1.1" 304 - "http://localhost:3000/user/register" "Mozilla/5.0 (X11; Linux x86_64) AppleWebKit/537.36 (KHTML, like Gecko) Chrome/72.0.3626.109 Safari/537.36"
[2019-03-12T15:04:06.318] [WARN] http - ::1 - - "GET /stylesheets/login.css HTTP/1.1" 304 - "http://localhost:3000/" "Mozilla/5.0 (X11; Linux x86_64) AppleWebKit/537.36 (KHTML, like Gecko) Chrome/72.0.3626.109 Safari/537.36"
[2019-03-12T15:04:06.321] [WARN] http - ::1 - - "GET /img_avatar2.png HTTP/1.1" 304 - "http://localhost:3000/" "Mozilla/5.0 (X11; Linux x86_64) AppleWebKit/537.36 (KHTML, like Gecko) Chrome/72.0.3626.109 Safari/537.36"
[2019-03-12T15:04:13.832] [INFO] http - ::1 - - "POST /user/login HTTP/1.1" 200 2516 "http://localhost:3000/" "Mozilla/5.0 (X11; Linux x86_64) AppleWebKit/537.36 (KHTML, like Gecko) Chrome/72.0.3626.109 Safari/537.36"
[2019-03-12T15:04:13.849] [WARN] http - ::1 - - "GET /stylesheets/login.css HTTP/1.1" 304 - "http://localhost:3000/user/login" "Mozilla/5.0 (X11; Linux x86_64) AppleWebKit/537.36 (KHTML, like Gecko) Chrome/72.0.3626.109 Safari/537.36"
[2019-03-12T15:04:13.850] [WARN] http - ::1 - - "GET /img_avatar2.png HTTP/1.1" 304 - "http://localhost:3000/user/login" "Mozilla/5.0 (X11; Linux x86_64) AppleWebKit/537.36 (KHTML, like Gecko) Chrome/72.0.3626.109 Safari/537.36"
